[2014-08-21 08:01:07,337: INFO/MainProcess] Connected to redis://localhost:6379/0
[2014-08-21 08:01:07,345: INFO/MainProcess] mingle: searching for neighbors
[2014-08-21 08:01:08,353: INFO/MainProcess] mingle: all alone
[2014-08-21 08:01:08,363: WARNING/MainProcess] /usr/local/lib/python2.7/dist-packages/celery/fixups/django.py:236: UserWarning: Using settings.DEBUG leads to a memory leak, never use this setting in production environments!
  warnings.warn('Using settings.DEBUG leads to a memory leak, never '

[2014-08-21 08:01:08,363: WARNING/MainProcess] as_worker@brad-P55A-UD3 ready.
[2014-08-21 08:01:29,395: INFO/MainProcess] Received task: src.tasks.acquire_resource[f718de39-c44c-4326-b495-4e880a6a1ab3]
[2014-08-21 08:01:29,396: INFO/MainProcess] Received task: src.tasks.acquire_resource[9ef8245f-51c0-488c-bf5e-9dcce3b94a36]
[2014-08-21 08:01:29,405: INFO/Worker-4] Starting new HTTP connection (1): developer.echonest.com
[2014-08-21 08:01:29,405: INFO/Worker-1] Starting new HTTP connection (1): developer.echonest.com
[2014-08-21 08:01:29,560: INFO/Worker-1] Starting new HTTP connection (1): developer.echonest.com
[2014-08-21 08:01:29,579: INFO/Worker-4] Starting new HTTP connection (1): developer.echonest.com
[2014-08-21 08:01:29,708: INFO/MainProcess] Task src.tasks.acquire_resource[f718de39-c44c-4326-b495-4e880a6a1ab3] succeeded in 0.310909483002s: None
[2014-08-21 08:01:31,591: INFO/MainProcess] Task src.tasks.acquire_resource[9ef8245f-51c0-488c-bf5e-9dcce3b94a36] succeeded in 2.193624155s: None
[2014-08-21 08:03:17,619: INFO/MainProcess] Received task: src.tasks.acquire_resource[b53a7b5e-37f0-441c-a0d1-d5949ebcf3ff]
[2014-08-21 08:03:17,620: INFO/MainProcess] Received task: src.tasks.acquire_resource[46208cb7-73ff-4027-bcc0-960e3157777c]
[2014-08-21 08:03:17,621: INFO/Worker-1] Starting new HTTP connection (1): developer.echonest.com
[2014-08-21 08:03:17,628: INFO/Worker-3] Starting new HTTP connection (1): developer.echonest.com
[2014-08-21 08:03:17,785: WARNING/Worker-3] http://developer.echonest.com/api/v4/artist/profile
[2014-08-21 08:03:17,787: INFO/MainProcess] Task src.tasks.acquire_resource[b53a7b5e-37f0-441c-a0d1-d5949ebcf3ff] succeeded in 0.166835444001s: None
[2014-08-21 08:03:18,113: INFO/MainProcess] Task src.tasks.acquire_resource[46208cb7-73ff-4027-bcc0-960e3157777c] succeeded in 0.493346863999s: None
[2014-08-21 08:05:13,284: INFO/MainProcess] Received task: src.tasks.acquire_resource[ec6f82d5-8b5e-42e7-89e7-0f6f27b3e941]
[2014-08-21 08:05:13,285: INFO/MainProcess] Received task: src.tasks.acquire_resource[7f0d23b4-a7cb-4c21-9f75-6b96530bd21e]
[2014-08-21 08:05:13,288: INFO/Worker-3] Starting new HTTP connection (1): developer.echonest.com
[2014-08-21 08:05:13,293: INFO/Worker-2] Starting new HTTP connection (1): developer.echonest.com
[2014-08-21 08:05:13,489: WARNING/Worker-2] http://developer.echonest.com/api/v4/artist/profile
[2014-08-21 08:05:13,490: INFO/MainProcess] Task src.tasks.acquire_resource[ec6f82d5-8b5e-42e7-89e7-0f6f27b3e941] succeeded in 0.204919476s: None
[2014-08-21 08:05:13,914: INFO/MainProcess] Task src.tasks.acquire_resource[7f0d23b4-a7cb-4c21-9f75-6b96530bd21e] succeeded in 0.627515661001s: None
[2014-08-21 08:06:04,216: INFO/MainProcess] Received task: src.tasks.acquire_resource[c72cd603-c3ce-4046-8d4b-d956e64c44d1]
[2014-08-21 08:06:04,217: INFO/MainProcess] Received task: src.tasks.acquire_resource[bf27d671-8096-45c8-9595-cc290600ae1a]
[2014-08-21 08:06:04,219: INFO/Worker-4] Starting new HTTP connection (1): developer.echonest.com
[2014-08-21 08:06:04,219: INFO/Worker-2] Starting new HTTP connection (1): developer.echonest.com
[2014-08-21 08:06:04,417: INFO/Worker-2] Starting new HTTP connection (1): developer.echonest.com
[2014-08-21 08:06:04,444: INFO/Worker-4] Starting new HTTP connection (1): developer.echonest.com
[2014-08-21 08:06:04,575: INFO/MainProcess] Task src.tasks.acquire_resource[c72cd603-c3ce-4046-8d4b-d956e64c44d1] succeeded in 0.357283232001s: None
[2014-08-21 08:06:05,939: INFO/MainProcess] Task src.tasks.acquire_resource[bf27d671-8096-45c8-9595-cc290600ae1a] succeeded in 1.721520471s: None
[2014-08-21 08:06:13,544: INFO/MainProcess] Received task: src.tasks.acquire_resource[6230d0c2-5a28-4973-927f-dd6817609895]
[2014-08-21 08:06:13,546: INFO/MainProcess] Received task: src.tasks.acquire_resource[c404aac1-eea1-4231-9d28-4c3105a5fd26]
[2014-08-21 08:06:13,548: INFO/Worker-1] Starting new HTTP connection (1): developer.echonest.com
[2014-08-21 08:06:13,549: INFO/Worker-4] Starting new HTTP connection (1): developer.echonest.com
[2014-08-21 08:06:13,743: INFO/Worker-1] Starting new HTTP connection (1): developer.echonest.com
[2014-08-21 08:06:13,880: INFO/MainProcess] Task src.tasks.acquire_resource[6230d0c2-5a28-4973-927f-dd6817609895] succeeded in 0.333629172001s: None
[2014-08-21 08:06:18,812: INFO/Worker-4] Starting new HTTP connection (1): developer.echonest.com
[2014-08-21 08:06:20,323: INFO/MainProcess] Task src.tasks.acquire_resource[c404aac1-eea1-4231-9d28-4c3105a5fd26] succeeded in 6.775152837s: None
[2014-08-21 08:07:05,409: INFO/MainProcess] Received task: src.tasks.acquire_resource[67e80691-34e4-4092-85ff-517314f9276d]
[2014-08-21 08:07:05,410: INFO/MainProcess] Received task: src.tasks.acquire_resource[de0261fe-b25f-4d7c-b241-27ca9cb20f51]
[2014-08-21 08:07:05,412: INFO/Worker-1] Starting new HTTP connection (1): developer.echonest.com
[2014-08-21 08:07:05,412: INFO/Worker-3] Starting new HTTP connection (1): developer.echonest.com
[2014-08-21 08:07:05,590: INFO/Worker-1] Starting new HTTP connection (1): developer.echonest.com
[2014-08-21 08:07:05,692: INFO/Worker-3] Starting new HTTP connection (1): developer.echonest.com
[2014-08-21 08:07:05,872: INFO/MainProcess] Task src.tasks.acquire_resource[67e80691-34e4-4092-85ff-517314f9276d] succeeded in 0.461083631s: None
[2014-08-21 08:07:07,061: INFO/MainProcess] Task src.tasks.acquire_resource[de0261fe-b25f-4d7c-b241-27ca9cb20f51] succeeded in 1.650869001s: None
[2014-08-21 08:14:11,055: INFO/MainProcess] Received task: src.tasks.acquire_resource[429be175-6963-4627-91dc-280e15ad87c0]
[2014-08-21 08:14:11,056: INFO/MainProcess] Received task: src.tasks.acquire_resource[c802f997-8313-4043-84f9-efcb84b9351c]
[2014-08-21 08:14:11,058: INFO/Worker-3] Starting new HTTP connection (1): developer.echonest.com
[2014-08-21 08:14:11,058: INFO/Worker-2] Starting new HTTP connection (1): developer.echonest.com
[2014-08-21 08:14:11,241: INFO/Worker-3] Starting new HTTP connection (1): developer.echonest.com
[2014-08-21 08:14:11,259: INFO/Worker-2] Starting new HTTP connection (1): developer.echonest.com
[2014-08-21 08:14:11,427: INFO/MainProcess] Task src.tasks.acquire_resource[429be175-6963-4627-91dc-280e15ad87c0] succeeded in 0.370389096999s: None
[2014-08-21 08:14:12,807: INFO/MainProcess] Task src.tasks.acquire_resource[c802f997-8313-4043-84f9-efcb84b9351c] succeeded in 1.750423886s: None
[2014-08-21 08:14:16,448: INFO/MainProcess] Received task: src.tasks.acquire_resource[6f1207a9-5b94-4399-8f3c-e73f646e0751]
[2014-08-21 08:14:16,449: INFO/MainProcess] Received task: src.tasks.acquire_resource[557cad57-3bda-46ad-9e8e-e56a163e74bd]
[2014-08-21 08:14:16,450: INFO/Worker-4] Starting new HTTP connection (1): developer.echonest.com
[2014-08-21 08:14:16,451: INFO/Worker-2] Starting new HTTP connection (1): developer.echonest.com
[2014-08-21 08:14:16,653: INFO/MainProcess] Task src.tasks.acquire_resource[557cad57-3bda-46ad-9e8e-e56a163e74bd] succeeded in 0.202799703s: None
[2014-08-21 08:14:16,689: INFO/MainProcess] Task src.tasks.acquire_resource[6f1207a9-5b94-4399-8f3c-e73f646e0751] succeeded in 0.239195283s: None
[2014-08-21 08:16:08,494: INFO/MainProcess] Received task: src.tasks.acquire_resource[1a1b0d0b-555a-4561-bd63-8835f24ccdc7]
[2014-08-21 08:16:08,495: INFO/MainProcess] Received task: src.tasks.acquire_resource[dd17c509-6576-459a-a236-7d5bcea9711d]
[2014-08-21 08:16:08,496: INFO/Worker-4] Starting new HTTP connection (1): developer.echonest.com
[2014-08-21 08:16:08,496: INFO/Worker-1] Starting new HTTP connection (1): developer.echonest.com
[2014-08-21 08:16:08,658: INFO/Worker-1] Starting new HTTP connection (1): developer.echonest.com
[2014-08-21 08:16:08,679: INFO/Worker-4] Starting new HTTP connection (1): developer.echonest.com
[2014-08-21 08:16:08,818: INFO/MainProcess] Task src.tasks.acquire_resource[1a1b0d0b-555a-4561-bd63-8835f24ccdc7] succeeded in 0.323125430999s: None
[2014-08-21 08:16:09,815: INFO/MainProcess] Task src.tasks.acquire_resource[dd17c509-6576-459a-a236-7d5bcea9711d] succeeded in 1.319324921s: None
[2014-08-21 08:16:42,164: INFO/MainProcess] Received task: src.tasks.acquire_resource[ddb40558-644c-4edc-9023-2b212b7b141d]
[2014-08-21 08:16:42,167: INFO/Worker-3] Starting new HTTP connection (1): developer.echonest.com
[2014-08-21 08:16:44,490: INFO/MainProcess] Task src.tasks.acquire_resource[ddb40558-644c-4edc-9023-2b212b7b141d] succeeded in 2.324618092s: None
[2014-08-21 08:36:12,661: INFO/MainProcess] Received task: src.tasks.acquire_resource[66c7e0e4-8c1d-49fb-a8ab-d76d7e9770e8]
[2014-08-21 08:36:12,663: INFO/Worker-4] Starting new HTTP connection (1): developer.echonest.com
[2014-08-21 08:36:14,740: INFO/MainProcess] Task src.tasks.acquire_resource[66c7e0e4-8c1d-49fb-a8ab-d76d7e9770e8] succeeded in 2.077803838s: None
[2014-08-21 08:36:23,910: INFO/MainProcess] Received task: src.tasks.acquire_resource[95f00b9e-99af-49af-8423-b64be8ced984]
[2014-08-21 08:36:23,911: INFO/Worker-3] Starting new HTTP connection (1): developer.echonest.com
[2014-08-21 08:36:24,100: INFO/Worker-3] Starting new HTTP connection (1): developer.echonest.com
[2014-08-21 08:36:25,614: INFO/MainProcess] Task src.tasks.acquire_resource[95f00b9e-99af-49af-8423-b64be8ced984] succeeded in 1.703833307s: None
[2014-08-21 08:36:44,743: INFO/MainProcess] Received task: src.tasks.acquire_resource[da07729f-ef49-4d58-a546-d071680147a0]
[2014-08-21 08:36:44,744: INFO/MainProcess] Received task: src.tasks.acquire_resource[46bee17c-6aa5-4fa6-a6f6-536db3ec868c]
[2014-08-21 08:36:44,746: INFO/Worker-4] Starting new HTTP connection (1): developer.echonest.com
[2014-08-21 08:36:44,747: INFO/Worker-2] Starting new HTTP connection (1): developer.echonest.com
[2014-08-21 08:36:44,926: WARNING/Worker-4] http://developer.echonest.com/api/v4/artist/profile
[2014-08-21 08:36:44,927: INFO/MainProcess] Task src.tasks.acquire_resource[da07729f-ef49-4d58-a546-d071680147a0] succeeded in 0.182043892s: None
[2014-08-21 08:36:50,288: INFO/MainProcess] Task src.tasks.acquire_resource[46bee17c-6aa5-4fa6-a6f6-536db3ec868c] succeeded in 5.542038928s: None
[2014-08-21 08:37:12,234: INFO/MainProcess] Received task: src.tasks.acquire_resource[f76f8f89-9cfa-43ef-9318-c53800ca5ba4]
[2014-08-21 08:37:12,235: INFO/MainProcess] Received task: src.tasks.acquire_resource[3504280a-1675-41a1-9a68-679c8f8093c7]
[2014-08-21 08:37:12,237: INFO/Worker-1] Starting new HTTP connection (1): developer.echonest.com
[2014-08-21 08:37:12,238: INFO/Worker-4] Starting new HTTP connection (1): developer.echonest.com
[2014-08-21 08:37:12,390: INFO/Worker-1] Starting new HTTP connection (1): developer.echonest.com
[2014-08-21 08:37:12,420: INFO/Worker-4] Starting new HTTP connection (1): developer.echonest.com
[2014-08-21 08:37:12,559: INFO/MainProcess] Task src.tasks.acquire_resource[f76f8f89-9cfa-43ef-9318-c53800ca5ba4] succeeded in 0.323013055s: None
[2014-08-21 08:37:14,084: INFO/MainProcess] Task src.tasks.acquire_resource[3504280a-1675-41a1-9a68-679c8f8093c7] succeeded in 1.846606829s: None
[2014-08-21 08:37:22,896: INFO/MainProcess] Received task: src.tasks.acquire_resource[aa2e7026-5239-4a04-8e4c-4a59a9f091ba]
[2014-08-21 08:37:22,897: INFO/Worker-3] Starting new HTTP connection (1): developer.echonest.com
[2014-08-21 08:37:25,822: INFO/MainProcess] Task src.tasks.acquire_resource[aa2e7026-5239-4a04-8e4c-4a59a9f091ba] succeeded in 2.925510055s: None
[2014-08-21 08:37:40,745: INFO/MainProcess] Received task: src.tasks.acquire_resource[24aaa3b6-f58f-4cb3-9b5c-ebb97f33e1ef]
[2014-08-21 08:37:40,746: INFO/MainProcess] Received task: src.tasks.acquire_resource[c72ff9c2-edda-4f71-83ff-90d25897a9a7]
[2014-08-21 08:37:40,747: INFO/Worker-4] Starting new HTTP connection (1): developer.echonest.com
[2014-08-21 08:37:40,747: INFO/Worker-2] Starting new HTTP connection (1): developer.echonest.com
[2014-08-21 08:37:40,924: INFO/MainProcess] Task src.tasks.acquire_resource[c72ff9c2-edda-4f71-83ff-90d25897a9a7] succeeded in 0.178325818999s: None
[2014-08-21 08:37:41,040: INFO/MainProcess] Task src.tasks.acquire_resource[24aaa3b6-f58f-4cb3-9b5c-ebb97f33e1ef] succeeded in 0.293727532s: None
[2014-08-21 08:38:31,859: INFO/MainProcess] Received task: src.tasks.acquire_resource[b214ded0-27ee-4f29-941d-11479a4f50ef]
[2014-08-21 08:38:31,860: INFO/MainProcess] Received task: src.tasks.acquire_resource[ab897be9-9e66-4694-9e9c-6ef5ee75d7f8]
[2014-08-21 08:38:31,861: INFO/Worker-4] Starting new HTTP connection (1): developer.echonest.com
[2014-08-21 08:38:31,861: INFO/Worker-1] Starting new HTTP connection (1): developer.echonest.com
[2014-08-21 08:38:32,124: INFO/Worker-1] Starting new HTTP connection (1): developer.echonest.com
[2014-08-21 08:38:32,398: INFO/MainProcess] Task src.tasks.acquire_resource[b214ded0-27ee-4f29-941d-11479a4f50ef] succeeded in 0.538052282001s: None
[2014-08-21 08:38:37,178: INFO/Worker-4] Starting new HTTP connection (1): developer.echonest.com
[2014-08-21 08:38:39,315: INFO/MainProcess] Task src.tasks.acquire_resource[ab897be9-9e66-4694-9e9c-6ef5ee75d7f8] succeeded in 7.455191261s: None
[2014-08-21 08:40:43,063: INFO/MainProcess] Received task: src.tasks.acquire_resource[18248630-6715-474f-aead-656eb0e5a12b]
[2014-08-21 08:40:43,065: INFO/Worker-3] Starting new HTTP connection (1): developer.echonest.com
[2014-08-21 08:40:43,069: INFO/MainProcess] Received task: src.tasks.acquire_resource[420dadc3-c424-4d90-b440-2a24ebf5f8ee]
[2014-08-21 08:40:43,070: INFO/Worker-4] Starting new HTTP connection (1): developer.echonest.com
[2014-08-21 08:40:43,320: INFO/MainProcess] Task src.tasks.acquire_resource[420dadc3-c424-4d90-b440-2a24ebf5f8ee] succeeded in 0.251149233s: None
[2014-08-21 08:40:43,332: INFO/MainProcess] Task src.tasks.acquire_resource[18248630-6715-474f-aead-656eb0e5a12b] succeeded in 0.268760602999s: None
[2014-08-21 08:42:37,331: INFO/MainProcess] Received task: src.tasks.acquire_resource[864554f5-10b1-4578-8750-0b1e85e2b099]
[2014-08-21 08:42:37,332: INFO/MainProcess] Received task: src.tasks.acquire_resource[ce5fe4d1-3c74-43b8-9af6-89a78ccf65dd]
[2014-08-21 08:42:37,334: INFO/Worker-3] Starting new HTTP connection (1): developer.echonest.com
[2014-08-21 08:42:37,334: INFO/Worker-1] Starting new HTTP connection (1): developer.echonest.com
[2014-08-21 08:42:37,491: INFO/Worker-3] Starting new HTTP connection (1): developer.echonest.com
[2014-08-21 08:42:37,509: INFO/Worker-1] Starting new HTTP connection (1): developer.echonest.com
[2014-08-21 08:42:37,681: INFO/MainProcess] Task src.tasks.acquire_resource[864554f5-10b1-4578-8750-0b1e85e2b099] succeeded in 0.348100949999s: None
[2014-08-21 08:42:38,734: INFO/MainProcess] Task src.tasks.acquire_resource[ce5fe4d1-3c74-43b8-9af6-89a78ccf65dd] succeeded in 1.40166098s: None
[2014-08-21 08:52:05,546: INFO/MainProcess] Received task: src.tasks.acquire_resource[6d06988e-7f23-409a-8b09-8d657b16da93]
[2014-08-21 08:52:05,548: INFO/Worker-2] Starting new HTTP connection (1): developer.echonest.com
[2014-08-21 08:52:05,548: INFO/MainProcess] Received task: src.tasks.acquire_resource[2955a00c-13f9-4975-bd24-2bbbe0c31af4]
[2014-08-21 08:52:05,549: INFO/Worker-1] Starting new HTTP connection (1): developer.echonest.com
[2014-08-21 08:52:06,031: WARNING/Worker-2] http://developer.echonest.com/api/v4/artist/profile
[2014-08-21 08:52:06,032: INFO/MainProcess] Task src.tasks.acquire_resource[6d06988e-7f23-409a-8b09-8d657b16da93] succeeded in 0.485119860999s: None
[2014-08-21 08:52:06,550: INFO/MainProcess] Task src.tasks.acquire_resource[2955a00c-13f9-4975-bd24-2bbbe0c31af4] succeeded in 1.001264891s: None
[2014-08-21 08:53:14,028: INFO/MainProcess] Received task: src.tasks.acquire_resource[279cc952-9d22-475c-8ebc-ee2fa66487b6]
[2014-08-21 08:53:14,030: INFO/Worker-2] Starting new HTTP connection (1): developer.echonest.com
[2014-08-21 08:53:14,035: INFO/MainProcess] Received task: src.tasks.acquire_resource[a8146b61-c04b-495d-9624-fad604e242d6]
[2014-08-21 08:53:14,037: INFO/Worker-1] Starting new HTTP connection (1): developer.echonest.com
[2014-08-21 08:53:14,201: INFO/MainProcess] Task src.tasks.acquire_resource[a8146b61-c04b-495d-9624-fad604e242d6] succeeded in 0.164731024999s: None
[2014-08-21 08:53:14,367: INFO/MainProcess] Task src.tasks.acquire_resource[279cc952-9d22-475c-8ebc-ee2fa66487b6] succeeded in 0.338179647s: None
[2014-08-21 08:56:42,008: INFO/MainProcess] Received task: src.tasks.acquire_resource[d719e6e3-9019-4345-a318-696a944c7fee]
[2014-08-21 08:56:42,009: INFO/MainProcess] Received task: src.tasks.acquire_resource[8a420421-c301-48a0-8d0f-e344279211e0]
[2014-08-21 08:56:42,010: INFO/Worker-2] Starting new HTTP connection (1): developer.echonest.com
[2014-08-21 08:56:42,010: INFO/Worker-3] Starting new HTTP connection (1): developer.echonest.com
[2014-08-21 08:56:42,177: INFO/MainProcess] Task src.tasks.acquire_resource[8a420421-c301-48a0-8d0f-e344279211e0] succeeded in 0.167381051s: None
[2014-08-21 08:56:42,328: INFO/MainProcess] Task src.tasks.acquire_resource[d719e6e3-9019-4345-a318-696a944c7fee] succeeded in 0.318400964001s: None
[2014-08-21 13:03:22,229: INFO/MainProcess] Connected to redis://localhost:6379/0
[2014-08-21 13:03:22,258: INFO/MainProcess] mingle: searching for neighbors
[2014-08-21 13:03:23,264: INFO/MainProcess] mingle: all alone
[2014-08-21 13:03:23,286: WARNING/MainProcess] /usr/local/lib/python2.7/dist-packages/celery/fixups/django.py:236: UserWarning: Using settings.DEBUG leads to a memory leak, never use this setting in production environments!
  warnings.warn('Using settings.DEBUG leads to a memory leak, never '

[2014-08-21 13:03:23,286: WARNING/MainProcess] as_worker@brad-P55A-UD3 ready.
[2014-08-21 13:03:24,013: INFO/MainProcess] Received task: src.tasks.acquire_resource[1f2b0cea-5187-4d4d-a56e-ca81abc575fb]
[2014-08-21 13:03:24,015: INFO/MainProcess] Received task: src.tasks.acquire_resource[790f9921-d61a-4b7c-aa66-af7e9017dfb3]
[2014-08-21 13:03:24,017: INFO/MainProcess] Received task: src.tasks.acquire_resource[94b51cb1-acde-4fc3-a301-cd9b4c8f0768]
[2014-08-21 13:03:24,057: INFO/Worker-3] Starting new HTTP connection (1): developer.echonest.com
[2014-08-21 13:03:24,057: INFO/Worker-4] Starting new HTTP connection (1): developer.echonest.com
[2014-08-21 13:03:24,057: INFO/Worker-1] Starting new HTTP connection (1): developer.echonest.com
[2014-08-21 13:03:24,413: INFO/MainProcess] Task src.tasks.acquire_resource[1f2b0cea-5187-4d4d-a56e-ca81abc575fb] succeeded in 0.397194827s: None
[2014-08-21 13:03:24,757: INFO/MainProcess] Task src.tasks.acquire_resource[94b51cb1-acde-4fc3-a301-cd9b4c8f0768] succeeded in 0.737152876s: None
[2014-08-21 13:03:29,243: INFO/MainProcess] Task src.tasks.acquire_resource[790f9921-d61a-4b7c-aa66-af7e9017dfb3] succeeded in 5.226840383s: None
[2014-08-21 13:14:47,965: WARNING/MainProcess] consumer: Connection to broker lost. Trying to re-establish the connection...
Traceback (most recent call last):
  File "/usr/local/lib/python2.7/dist-packages/celery/worker/consumer.py", line 278, in start
    blueprint.start(self)
  File "/usr/local/lib/python2.7/dist-packages/celery/bootsteps.py", line 123, in start
    step.start(parent)
  File "/usr/local/lib/python2.7/dist-packages/celery/worker/consumer.py", line 821, in start
    c.loop(*c.loop_args())
  File "/usr/local/lib/python2.7/dist-packages/celery/worker/loops.py", line 70, in asynloop
    next(loop)
  File "/usr/local/lib/python2.7/dist-packages/kombu/async/hub.py", line 267, in create_loop
    tick_callback()
  File "/usr/local/lib/python2.7/dist-packages/kombu/transport/redis.py", line 940, in on_poll_start
    cycle_poll_start()
  File "/usr/local/lib/python2.7/dist-packages/kombu/transport/redis.py", line 298, in on_poll_start
    self._register_BRPOP(channel)
  File "/usr/local/lib/python2.7/dist-packages/kombu/transport/redis.py", line 281, in _register_BRPOP
    self._register(*ident)
  File "/usr/local/lib/python2.7/dist-packages/kombu/transport/redis.py", line 266, in _register
    client.connection.connect()
  File "/usr/local/lib/python2.7/dist-packages/redis/connection.py", line 412, in connect
    raise ConnectionError(self._error_message(e))
ConnectionError: Error 111 connecting to localhost:6379. Connection refused.
[2014-08-21 13:14:48,013: ERROR/MainProcess] consumer: Cannot connect to redis://localhost:6379/0: Error 111 connecting to localhost:6379. Connection refused..
Trying again in 2.00 seconds...

[2014-08-21 13:14:50,017: ERROR/MainProcess] consumer: Cannot connect to redis://localhost:6379/0: Error 111 connecting to localhost:6379. Connection refused..
Trying again in 4.00 seconds...

[2014-08-21 13:14:54,026: INFO/MainProcess] Connected to redis://localhost:6379/0
[2014-08-21 13:14:54,040: INFO/MainProcess] mingle: searching for neighbors
[2014-08-21 13:14:55,045: INFO/MainProcess] mingle: all alone
[2014-08-21 13:15:42,021: INFO/MainProcess] Connected to redis://localhost:6379/0
[2014-08-21 13:15:42,027: INFO/MainProcess] mingle: searching for neighbors
[2014-08-21 13:15:43,035: INFO/MainProcess] mingle: all alone
[2014-08-21 13:15:43,048: WARNING/MainProcess] /usr/local/lib/python2.7/dist-packages/celery/fixups/django.py:236: UserWarning: Using settings.DEBUG leads to a memory leak, never use this setting in production environments!
  warnings.warn('Using settings.DEBUG leads to a memory leak, never '

[2014-08-21 13:15:43,049: WARNING/MainProcess] as_worker@brad-P55A-UD3 ready.
[2014-08-21 13:15:47,601: INFO/MainProcess] Received task: src.tasks.acquire_resource[895eca03-c388-4fb1-9fff-bc97d4c94168]
[2014-08-21 13:15:47,604: INFO/MainProcess] Received task: src.tasks.acquire_resource[9a4d8a64-aff9-487b-b50c-49176fc57202]
[2014-08-21 13:15:47,612: INFO/Worker-4] Starting new HTTP connection (1): developer.echonest.com
[2014-08-21 13:15:47,612: INFO/Worker-1] Starting new HTTP connection (1): developer.echonest.com
[2014-08-21 13:15:47,866: WARNING/Worker-1] http://developer.echonest.com/api/v4/artist/profile
[2014-08-21 13:15:47,867: INFO/MainProcess] Task src.tasks.acquire_resource[895eca03-c388-4fb1-9fff-bc97d4c94168] succeeded in 0.262976681s: None
[2014-08-21 13:15:48,843: INFO/MainProcess] Task src.tasks.acquire_resource[9a4d8a64-aff9-487b-b50c-49176fc57202] succeeded in 1.238538738s: None
[2014-08-21 13:15:54,983: INFO/MainProcess] Received task: src.tasks.acquire_resource[1918f24b-e648-4aa3-a6b9-5d7cfbe23eaf]
[2014-08-21 13:15:54,985: INFO/MainProcess] Received task: src.tasks.acquire_resource[236399c8-cbcc-4047-8615-5f8a8f74c94d]
[2014-08-21 13:15:54,987: INFO/Worker-1] Starting new HTTP connection (1): developer.echonest.com
[2014-08-21 13:15:54,998: INFO/Worker-3] Starting new HTTP connection (1): developer.echonest.com
[2014-08-21 13:15:55,158: INFO/Worker-1] Starting new HTTP connection (1): developer.echonest.com
[2014-08-21 13:15:55,193: INFO/Worker-3] Starting new HTTP connection (1): developer.echonest.com
[2014-08-21 13:15:55,369: INFO/MainProcess] Task src.tasks.acquire_resource[1918f24b-e648-4aa3-a6b9-5d7cfbe23eaf] succeeded in 0.382916847s: None
[2014-08-21 13:15:56,956: INFO/MainProcess] Task src.tasks.acquire_resource[236399c8-cbcc-4047-8615-5f8a8f74c94d] succeeded in 1.969486648s: None
[2014-08-21 13:17:00,396: WARNING/MainProcess] consumer: Connection to broker lost. Trying to re-establish the connection...
Traceback (most recent call last):
  File "/usr/local/lib/python2.7/dist-packages/celery/worker/consumer.py", line 278, in start
    blueprint.start(self)
  File "/usr/local/lib/python2.7/dist-packages/celery/bootsteps.py", line 123, in start
    step.start(parent)
  File "/usr/local/lib/python2.7/dist-packages/celery/worker/consumer.py", line 821, in start
    c.loop(*c.loop_args())
  File "/usr/local/lib/python2.7/dist-packages/celery/worker/loops.py", line 70, in asynloop
    next(loop)
  File "/usr/local/lib/python2.7/dist-packages/kombu/async/hub.py", line 267, in create_loop
    tick_callback()
  File "/usr/local/lib/python2.7/dist-packages/kombu/transport/redis.py", line 940, in on_poll_start
    cycle_poll_start()
  File "/usr/local/lib/python2.7/dist-packages/kombu/transport/redis.py", line 298, in on_poll_start
    self._register_BRPOP(channel)
  File "/usr/local/lib/python2.7/dist-packages/kombu/transport/redis.py", line 281, in _register_BRPOP
    self._register(*ident)
  File "/usr/local/lib/python2.7/dist-packages/kombu/transport/redis.py", line 266, in _register
    client.connection.connect()
  File "/usr/local/lib/python2.7/dist-packages/redis/connection.py", line 412, in connect
    raise ConnectionError(self._error_message(e))
ConnectionError: Error 111 connecting to localhost:6379. Connection refused.
[2014-08-21 13:17:00,412: ERROR/MainProcess] consumer: Cannot connect to redis://localhost:6379/0: Error 111 connecting to localhost:6379. Connection refused..
Trying again in 2.00 seconds...

[2014-08-21 13:17:02,415: ERROR/MainProcess] consumer: Cannot connect to redis://localhost:6379/0: Error 111 connecting to localhost:6379. Connection refused..
Trying again in 4.00 seconds...

[2014-08-21 13:17:06,421: ERROR/MainProcess] consumer: Cannot connect to redis://localhost:6379/0: Error 111 connecting to localhost:6379. Connection refused..
Trying again in 6.00 seconds...

[2014-08-21 13:17:12,427: ERROR/MainProcess] consumer: Cannot connect to redis://localhost:6379/0: Error 111 connecting to localhost:6379. Connection refused..
Trying again in 8.00 seconds...

[2014-08-21 13:17:20,437: ERROR/MainProcess] consumer: Cannot connect to redis://localhost:6379/0: Error 111 connecting to localhost:6379. Connection refused..
Trying again in 10.00 seconds...

[2014-08-21 13:17:30,449: ERROR/MainProcess] consumer: Cannot connect to redis://localhost:6379/0: Error 111 connecting to localhost:6379. Connection refused..
Trying again in 12.00 seconds...

[2014-08-21 13:17:42,466: INFO/MainProcess] Connected to redis://localhost:6379/0
[2014-08-21 13:17:42,476: INFO/MainProcess] mingle: searching for neighbors
[2014-08-21 13:17:43,480: INFO/MainProcess] mingle: all alone
[2014-08-21 13:17:49,099: INFO/MainProcess] Connected to redis://localhost:6379/0
[2014-08-21 13:17:49,106: INFO/MainProcess] mingle: searching for neighbors
[2014-08-21 13:17:50,114: INFO/MainProcess] mingle: all alone
[2014-08-21 13:17:50,126: WARNING/MainProcess] /usr/local/lib/python2.7/dist-packages/celery/fixups/django.py:236: UserWarning: Using settings.DEBUG leads to a memory leak, never use this setting in production environments!
  warnings.warn('Using settings.DEBUG leads to a memory leak, never '

[2014-08-21 13:17:50,127: WARNING/MainProcess] as_worker@brad-P55A-UD3 ready.
[2014-08-21 13:17:52,055: INFO/MainProcess] Received task: src.tasks.acquire_resource[1bd5dfcf-9358-4641-bac6-2fdd51e9b3fd]
[2014-08-21 13:17:52,056: INFO/MainProcess] Received task: src.tasks.acquire_resource[507e0230-7ec5-42d4-ab63-42b10a56ecd4]
[2014-08-21 13:17:52,064: INFO/Worker-4] Starting new HTTP connection (1): developer.echonest.com
[2014-08-21 13:17:52,064: INFO/Worker-1] Starting new HTTP connection (1): developer.echonest.com
[2014-08-21 13:17:52,256: INFO/Worker-4] Starting new HTTP connection (1): developer.echonest.com
[2014-08-21 13:17:52,278: INFO/Worker-1] Starting new HTTP connection (1): developer.echonest.com
[2014-08-21 13:17:52,463: INFO/MainProcess] Task src.tasks.acquire_resource[1bd5dfcf-9358-4641-bac6-2fdd51e9b3fd] succeeded in 0.406038149s: None
[2014-08-21 13:17:54,682: INFO/MainProcess] Task src.tasks.acquire_resource[507e0230-7ec5-42d4-ab63-42b10a56ecd4] succeeded in 2.625221809s: None
[2014-08-21 13:18:24,653: WARNING/MainProcess] consumer: Connection to broker lost. Trying to re-establish the connection...
Traceback (most recent call last):
  File "/usr/local/lib/python2.7/dist-packages/celery/worker/consumer.py", line 278, in start
    blueprint.start(self)
  File "/usr/local/lib/python2.7/dist-packages/celery/bootsteps.py", line 123, in start
    step.start(parent)
  File "/usr/local/lib/python2.7/dist-packages/celery/worker/consumer.py", line 821, in start
    c.loop(*c.loop_args())
  File "/usr/local/lib/python2.7/dist-packages/celery/worker/loops.py", line 70, in asynloop
    next(loop)
  File "/usr/local/lib/python2.7/dist-packages/kombu/async/hub.py", line 267, in create_loop
    tick_callback()
  File "/usr/local/lib/python2.7/dist-packages/kombu/transport/redis.py", line 940, in on_poll_start
    cycle_poll_start()
  File "/usr/local/lib/python2.7/dist-packages/kombu/transport/redis.py", line 298, in on_poll_start
    self._register_BRPOP(channel)
  File "/usr/local/lib/python2.7/dist-packages/kombu/transport/redis.py", line 281, in _register_BRPOP
    self._register(*ident)
  File "/usr/local/lib/python2.7/dist-packages/kombu/transport/redis.py", line 266, in _register
    client.connection.connect()
  File "/usr/local/lib/python2.7/dist-packages/redis/connection.py", line 412, in connect
    raise ConnectionError(self._error_message(e))
ConnectionError: Error 111 connecting to localhost:6379. Connection refused.
[2014-08-21 13:18:24,665: ERROR/MainProcess] consumer: Cannot connect to redis://localhost:6379/0: Error 111 connecting to localhost:6379. Connection refused..
Trying again in 2.00 seconds...

[2014-08-21 13:18:26,667: ERROR/MainProcess] consumer: Cannot connect to redis://localhost:6379/0: Error 111 connecting to localhost:6379. Connection refused..
Trying again in 4.00 seconds...

[2014-08-21 13:18:30,672: ERROR/MainProcess] consumer: Cannot connect to redis://localhost:6379/0: Error 111 connecting to localhost:6379. Connection refused..
Trying again in 6.00 seconds...

[2014-08-21 13:18:36,683: INFO/MainProcess] Connected to redis://localhost:6379/0
[2014-08-21 13:18:36,692: INFO/MainProcess] mingle: searching for neighbors
[2014-08-21 13:18:39,426: INFO/MainProcess] Connected to redis://localhost:6379/0
[2014-08-21 13:18:39,434: INFO/MainProcess] mingle: searching for neighbors
[2014-08-21 13:18:40,444: INFO/MainProcess] mingle: all alone
[2014-08-21 13:18:40,457: WARNING/MainProcess] /usr/local/lib/python2.7/dist-packages/celery/fixups/django.py:236: UserWarning: Using settings.DEBUG leads to a memory leak, never use this setting in production environments!
  warnings.warn('Using settings.DEBUG leads to a memory leak, never '

[2014-08-21 13:18:40,458: WARNING/MainProcess] as_worker@brad-P55A-UD3 ready.
[2014-08-21 13:24:29,093: INFO/MainProcess] Received task: src.tasks.acquire_resource[686a8b8f-b36c-4ee0-9fdc-d2bbd08ffd6e]
[2014-08-21 13:24:29,094: INFO/MainProcess] Received task: src.tasks.acquire_resource[66d11293-5778-42c6-835f-2ddbd6febbcc]
[2014-08-21 13:24:29,105: INFO/Worker-4] Starting new HTTP connection (1): developer.echonest.com
[2014-08-21 13:24:29,105: INFO/Worker-1] Starting new HTTP connection (1): developer.echonest.com
[2014-08-21 13:24:29,285: INFO/Worker-4] Starting new HTTP connection (1): developer.echonest.com
[2014-08-21 13:24:29,285: INFO/Worker-1] Starting new HTTP connection (1): developer.echonest.com
[2014-08-21 13:24:29,420: INFO/MainProcess] Task src.tasks.acquire_resource[686a8b8f-b36c-4ee0-9fdc-d2bbd08ffd6e] succeeded in 0.325898276s: None
[2014-08-21 13:24:30,854: INFO/MainProcess] Task src.tasks.acquire_resource[66d11293-5778-42c6-835f-2ddbd6febbcc] succeeded in 1.759402317s: None
[2014-08-21 13:25:39,042: INFO/MainProcess] Received task: src.tasks.acquire_resource[a3f34413-a45c-47a1-9f8d-a740e286fb1b]
[2014-08-21 13:25:39,043: INFO/MainProcess] Received task: src.tasks.acquire_resource[6e794474-e221-4a71-80c6-1b092a57a083]
[2014-08-21 13:25:39,045: INFO/Worker-1] Starting new HTTP connection (1): developer.echonest.com
[2014-08-21 13:25:39,054: INFO/Worker-3] Starting new HTTP connection (1): developer.echonest.com
[2014-08-21 13:25:39,214: INFO/MainProcess] Task src.tasks.acquire_resource[6e794474-e221-4a71-80c6-1b092a57a083] succeeded in 0.170615254s: None
[2014-08-21 13:25:39,218: INFO/MainProcess] Task src.tasks.acquire_resource[a3f34413-a45c-47a1-9f8d-a740e286fb1b] succeeded in 0.174915321s: None
[2014-08-21 13:43:35,452: ERROR/MainProcess] Received unregistered task of type 'src.tasks.maintain_trending'.
The message has been ignored and discarded.

Did you remember to import the module containing this task?
Or maybe you are using relative imports?
Please see http://bit.ly/gLye1c for more information.

The full contents of the message body was:
{'utc': True, 'chord': None, 'args': (u'search::',), 'retries': 0, 'expires': None, 'task': 'src.tasks.maintain_trending', 'callbacks': None, 'errbacks': None, 'timelimit': (None, None), 'taskset': None, 'kwargs': {}, 'eta': None, 'id': 'c3992446-8298-4bb9-ac6e-dd80d92b86b7'} (238b)
Traceback (most recent call last):
  File "/usr/local/lib/python2.7/dist-packages/celery/worker/consumer.py", line 455, in on_task_received
    strategies[name](message, body,
KeyError: 'src.tasks.maintain_trending'
[2014-08-21 13:47:26,132: INFO/MainProcess] Received task: src.tasks.acquire_resource[951cdb89-3d16-4e4a-8692-cc70e289b47a]
[2014-08-21 13:47:26,133: INFO/MainProcess] Received task: src.tasks.acquire_resource[6479e534-7216-445e-822e-971fdaab50da]
[2014-08-21 13:47:26,135: INFO/Worker-3] Starting new HTTP connection (1): developer.echonest.com
[2014-08-21 13:47:26,136: ERROR/MainProcess] Received unregistered task of type 'src.tasks.maintain_trending'.
The message has been ignored and discarded.

Did you remember to import the module containing this task?
Or maybe you are using relative imports?
Please see http://bit.ly/gLye1c for more information.

The full contents of the message body was:
{'utc': True, 'chord': None, 'args': (u'artist::of the wand & the moon:',), 'retries': 0, 'expires': None, 'task': 'src.tasks.maintain_trending', 'callbacks': None, 'errbacks': None, 'timelimit': (None, None), 'taskset': None, 'kwargs': {}, 'eta': None, 'id': '23022059-7372-4565-8e7f-f87d8dc60f67'} (261b)
Traceback (most recent call last):
  File "/usr/local/lib/python2.7/dist-packages/celery/worker/consumer.py", line 455, in on_task_received
    strategies[name](message, body,
KeyError: 'src.tasks.maintain_trending'
[2014-08-21 13:47:26,141: INFO/Worker-2] Starting new HTTP connection (1): developer.echonest.com
[2014-08-21 13:47:26,330: WARNING/Worker-2] http://developer.echonest.com/api/v4/artist/profile
[2014-08-21 13:47:26,331: INFO/MainProcess] Task src.tasks.acquire_resource[951cdb89-3d16-4e4a-8692-cc70e289b47a] succeeded in 0.197011368s: None
[2014-08-21 13:47:26,879: INFO/MainProcess] Task src.tasks.acquire_resource[6479e534-7216-445e-822e-971fdaab50da] succeeded in 0.745318174s: None
